0 info it worked if it ends with ok
1 verbose cli [ '/usr/bin/nodejs', '/usr/bin/npm', 'run', 'pwned' ]
2 info using npm@3.5.2
3 info using node@v4.7.2
4 verbose run-script [ 'prepwned', 'pwned', 'postpwned' ]
5 info lifecycle ipwnedyou@0.0.4~prepwned: ipwnedyou@0.0.4
6 silly lifecycle ipwnedyou@0.0.4~prepwned: no script for prepwned, continuing
7 info lifecycle ipwnedyou@0.0.4~pwned: ipwnedyou@0.0.4
8 verbose lifecycle ipwnedyou@0.0.4~pwned: unsafe-perm in lifecycle true
9 verbose lifecycle ipwnedyou@0.0.4~pwned: PATH: /usr/share/npm/bin/node-gyp-bin:/home/ajsantander/projects/pwned/node_modules/.bin:/usr/local/sbin:/usr/local/bin:/usr/sbin:/usr/bin:/sbin:/bin:/usr/games:/usr/local/games:/snap/bin
10 verbose lifecycle ipwnedyou@0.0.4~pwned: CWD: /home/ajsantander/projects/pwned
11 silly lifecycle ipwnedyou@0.0.4~pwned: Args: [ '-c', 'npm i && nodejs index.js' ]
12 silly lifecycle ipwnedyou@0.0.4~pwned: Returned: code: 1  signal: null
13 info lifecycle ipwnedyou@0.0.4~pwned: Failed to exec pwned script
14 verbose stack Error: ipwnedyou@0.0.4 pwned: `npm i && nodejs index.js`
14 verbose stack Exit status 1
14 verbose stack     at EventEmitter.<anonymous> (/usr/share/npm/lib/utils/lifecycle.js:232:16)
14 verbose stack     at emitTwo (events.js:87:13)
14 verbose stack     at EventEmitter.emit (events.js:172:7)
14 verbose stack     at ChildProcess.<anonymous> (/usr/share/npm/lib/utils/spawn.js:24:14)
14 verbose stack     at emitTwo (events.js:87:13)
14 verbose stack     at ChildProcess.emit (events.js:172:7)
14 verbose stack     at maybeClose (internal/child_process.js:854:16)
14 verbose stack     at Process.ChildProcess._handle.onexit (internal/child_process.js:222:5)
15 verbose pkgid ipwnedyou@0.0.4
16 verbose cwd /home/ajsantander/projects/pwned
17 error Linux 4.10.0-19-generic
18 error argv "/usr/bin/nodejs" "/usr/bin/npm" "run" "pwned"
19 error node v4.7.2
20 error npm  v3.5.2
21 error code ELIFECYCLE
22 error ipwnedyou@0.0.4 pwned: `npm i && nodejs index.js`
22 error Exit status 1
23 error Failed at the ipwnedyou@0.0.4 pwned script 'npm i && nodejs index.js'.
23 error Make sure you have the latest version of node.js and npm installed.
23 error If you do, this is most likely a problem with the ipwnedyou package,
23 error not with npm itself.
23 error Tell the author that this fails on your system:
23 error     npm i && nodejs index.js
23 error You can get information on how to open an issue for this project with:
23 error     npm bugs ipwnedyou
23 error Or if that isn't available, you can get their info via:
23 error     npm owner ls ipwnedyou
23 error There is likely additional logging output above.
24 verbose exit [ 1, true ]
